<?xml version="1.0" encoding="UTF-8"?>
<testsuites name="jest tests" tests="5" failures="4" time="2.093">
  <testsuite name="undefined" errors="0" failures="4" skipped="0" timestamp="2021-09-12T02:48:10" time="1.667" tests="5">
    <testcase classname=" Should Add item to cart" name=" Should Add item to cart" time="0.035">
      <failure>Error: expect(received).toBeFalsy()

Received: &lt;button class=&quot;x-small danger&quot; data-testid=&quot;btn-item-remove&quot;&gt;Remove&lt;/button&gt;
    at Object.&lt;anonymous&gt; (/Users/bc53790/Documents/WS/react/ropa/f4eb7eb5-5904-4208-be9e-829a9761e838/src/App.test.js:85:31)
    at Object.asyncJestTest (/Users/bc53790/Documents/WS/react/ropa/f4eb7eb5-5904-4208-be9e-829a9761e838/node_modules/jest-jasmine2/build/jasmineAsyncInstall.js:102:37)
    at /Users/bc53790/Documents/WS/react/ropa/f4eb7eb5-5904-4208-be9e-829a9761e838/node_modules/jest-jasmine2/build/queueRunner.js:43:12
    at new Promise (&lt;anonymous&gt;)
    at mapper (/Users/bc53790/Documents/WS/react/ropa/f4eb7eb5-5904-4208-be9e-829a9761e838/node_modules/jest-jasmine2/build/queueRunner.js:26:19)
    at /Users/bc53790/Documents/WS/react/ropa/f4eb7eb5-5904-4208-be9e-829a9761e838/node_modules/jest-jasmine2/build/queueRunner.js:73:41
    at processTicksAndRejections (internal/process/task_queues.js:93:5)</failure>
    </testcase>
    <testcase classname=" Should Calculate correct price before selecting coupon" name=" Should Calculate correct price before selecting coupon" time="0.03">
    </testcase>
    <testcase classname=" Should calculate discounts on selecting a coupon" name=" Should calculate discounts on selecting a coupon" time="0.016">
      <failure>Error: expect(received).toEqual(expected) // deep equality

Expected: 5
Received: 10
    at Object.&lt;anonymous&gt; (/Users/bc53790/Documents/WS/react/ropa/f4eb7eb5-5904-4208-be9e-829a9761e838/src/App.test.js:140:34)
    at Object.asyncJestTest (/Users/bc53790/Documents/WS/react/ropa/f4eb7eb5-5904-4208-be9e-829a9761e838/node_modules/jest-jasmine2/build/jasmineAsyncInstall.js:102:37)
    at /Users/bc53790/Documents/WS/react/ropa/f4eb7eb5-5904-4208-be9e-829a9761e838/node_modules/jest-jasmine2/build/queueRunner.js:43:12
    at new Promise (&lt;anonymous&gt;)
    at mapper (/Users/bc53790/Documents/WS/react/ropa/f4eb7eb5-5904-4208-be9e-829a9761e838/node_modules/jest-jasmine2/build/queueRunner.js:26:19)
    at /Users/bc53790/Documents/WS/react/ropa/f4eb7eb5-5904-4208-be9e-829a9761e838/node_modules/jest-jasmine2/build/queueRunner.js:73:41</failure>
    </testcase>
    <testcase classname=" Should recalculate prices when item is removed from cart" name=" Should recalculate prices when item is removed from cart" time="0.028">
      <failure>Error: expect(received).toEqual(expected) // deep equality

Expected: 6
Received: 20
    at Object.&lt;anonymous&gt; (/Users/bc53790/Documents/WS/react/ropa/f4eb7eb5-5904-4208-be9e-829a9761e838/src/App.test.js:155:34)
    at Object.asyncJestTest (/Users/bc53790/Documents/WS/react/ropa/f4eb7eb5-5904-4208-be9e-829a9761e838/node_modules/jest-jasmine2/build/jasmineAsyncInstall.js:102:37)
    at /Users/bc53790/Documents/WS/react/ropa/f4eb7eb5-5904-4208-be9e-829a9761e838/node_modules/jest-jasmine2/build/queueRunner.js:43:12
    at new Promise (&lt;anonymous&gt;)
    at mapper (/Users/bc53790/Documents/WS/react/ropa/f4eb7eb5-5904-4208-be9e-829a9761e838/node_modules/jest-jasmine2/build/queueRunner.js:26:19)
    at /Users/bc53790/Documents/WS/react/ropa/f4eb7eb5-5904-4208-be9e-829a9761e838/node_modules/jest-jasmine2/build/queueRunner.js:73:41</failure>
    </testcase>
    <testcase classname=" Should recalculate prices when coupon is changed" name=" Should recalculate prices when coupon is changed" time="0.018">
      <failure>Error: expect(received).toEqual(expected) // deep equality

Expected: 6
Received: 20
    at Object.&lt;anonymous&gt; (/Users/bc53790/Documents/WS/react/ropa/f4eb7eb5-5904-4208-be9e-829a9761e838/src/App.test.js:182:34)
    at Object.asyncJestTest (/Users/bc53790/Documents/WS/react/ropa/f4eb7eb5-5904-4208-be9e-829a9761e838/node_modules/jest-jasmine2/build/jasmineAsyncInstall.js:102:37)
    at /Users/bc53790/Documents/WS/react/ropa/f4eb7eb5-5904-4208-be9e-829a9761e838/node_modules/jest-jasmine2/build/queueRunner.js:43:12
    at new Promise (&lt;anonymous&gt;)
    at mapper (/Users/bc53790/Documents/WS/react/ropa/f4eb7eb5-5904-4208-be9e-829a9761e838/node_modules/jest-jasmine2/build/queueRunner.js:26:19)
    at /Users/bc53790/Documents/WS/react/ropa/f4eb7eb5-5904-4208-be9e-829a9761e838/node_modules/jest-jasmine2/build/queueRunner.js:73:41</failure>
    </testcase>
  </testsuite>
</testsuites>